----------------------------------------------------------------
Sun Jul 25 16:50:06 IST 2021:
Booting Derby version The Apache Software Foundation - Apache Derby - 10.14.2.0 - (1828579): instance a816c00e-017a-dd64-c0df-0000029eec10 
on database directory memory:C:\Users\OMKAR\eclipse-workspace\course-api-data\6c265b8d-dc8e-4d5b-b99a-2df2322e1125 with class loader jdk.internal.loader.ClassLoaders$AppClassLoader@4b85612c 
Loaded from file:/C:/Users/OMKAR/.m2/repository/org/apache/derby/derby/10.14.2.0/derby-10.14.2.0.jar
java.vendor=Oracle Corporation
java.runtime.version=15.0.2+7-27
user.dir=C:\Users\OMKAR\eclipse-workspace\course-api-data
os.name=Windows 10
os.arch=amd64
os.version=10.0
derby.system.home=null
Database Class Loader started - derby.database.classpath=''
----------------------------------------------------------------
Sun Jul 25 16:50:09 IST 2021:
Booting Derby version The Apache Software Foundation - Apache Derby - 10.14.2.0 - (1828579): instance ac3880cc-017a-dd64-c0df-0000029eec10 
on database directory memory:C:\Users\OMKAR\eclipse-workspace\course-api-data\25d8e787-828c-4478-afc7-5f95c0b32989 with class loader jdk.internal.loader.ClassLoaders$AppClassLoader@4b85612c 
Loaded from file:/C:/Users/OMKAR/.m2/repository/org/apache/derby/derby/10.14.2.0/derby-10.14.2.0.jar
java.vendor=Oracle Corporation
java.runtime.version=15.0.2+7-27
user.dir=C:\Users\OMKAR\eclipse-workspace\course-api-data
os.name=Windows 10
os.arch=amd64
os.version=10.0
derby.system.home=null
Database Class Loader started - derby.database.classpath=''
----------------------------------------------------------------
Sun Jul 25 16:50:10 IST 2021:
Booting Derby version The Apache Software Foundation - Apache Derby - 10.14.2.0 - (1828579): instance 939b418a-017a-dd64-c0df-0000029eec10 
on database directory memory:C:\Users\OMKAR\eclipse-workspace\course-api-data\074a05fa-4d89-47f6-ab86-543e60c859e4 with class loader jdk.internal.loader.ClassLoaders$AppClassLoader@4b85612c 
Loaded from file:/C:/Users/OMKAR/.m2/repository/org/apache/derby/derby/10.14.2.0/derby-10.14.2.0.jar
java.vendor=Oracle Corporation
java.runtime.version=15.0.2+7-27
user.dir=C:\Users\OMKAR\eclipse-workspace\course-api-data
os.name=Windows 10
os.arch=amd64
os.version=10.0
derby.system.home=null
Database Class Loader started - derby.database.classpath=''
